app/build/intermediates/manifest_merge_blame_file/debug/manifest-merger-blame-debug-report.txt
1<?xml version="1.0" encoding="utf-8"?>
2<manifest xmlns:android="http://schemas.android.com/apk/res/android"
3    package="com.android.chatmeup"
4    android:versionCode="1"
5    android:versionName="1.0" >
6
7    <uses-sdk
8        android:minSdkVersion="24"
8-->src/main/AndroidManifest.xml
9        android:targetSdkVersion="34" />
9-->src/main/AndroidManifest.xml
10
11    <uses-feature
11-->src/main/AndroidManifest.xml:5:5-7:36
12        android:name="android.hardware.camera"
12-->src/main/AndroidManifest.xml:6:9-47
13        android:required="false" />
13-->src/main/AndroidManifest.xml:7:9-33
14
15    <uses-permission android:name="android.permission.CAMERA" />
15-->src/main/AndroidManifest.xml:9:5-65
15-->src/main/AndroidManifest.xml:9:22-62
16    <uses-permission
16-->src/main/AndroidManifest.xml:10:5-11:38
17        android:name="android.permission.READ_EXTERNAL_STORAGE"
17-->src/main/AndroidManifest.xml:10:22-77
18        android:maxSdkVersion="32" />
18-->src/main/AndroidManifest.xml:11:9-35
19    <uses-permission android:name="android.permission.READ_MEDIA_IMAGES" />
19-->src/main/AndroidManifest.xml:12:5-76
19-->src/main/AndroidManifest.xml:12:22-73
20    <!-- Without this folders will be inaccessible in Android-11 and above devices -->
21    <uses-permission android:name="android.permission.MANAGE_EXTERNAL_STORAGE" />
21-->src/main/AndroidManifest.xml:14:5-15:40
21-->src/main/AndroidManifest.xml:14:22-79
22
23    <!-- Without this entry storage-permission entry will not be visible under app-info permissions list Android-10 and below -->
24    <uses-permission
24-->src/main/AndroidManifest.xml:18:5-21:39
25        android:name="android.permission.WRITE_EXTERNAL_STORAGE"
25-->src/main/AndroidManifest.xml:19:9-65
26        android:maxSdkVersion="29" />
26-->src/main/AndroidManifest.xml:20:9-35
27    <uses-permission android:name="android.permission.POST_NOTIFICATIONS" />
27-->src/main/AndroidManifest.xml:23:5-76
27-->src/main/AndroidManifest.xml:23:22-74
28    <uses-permission android:name="android.permission.INTERNET" />
28-->src/main/AndroidManifest.xml:24:5-67
28-->src/main/AndroidManifest.xml:24:22-64
29    <uses-permission android:name="android.permission.ACCESS_NETWORK_STATE" />
29-->[com.google.firebase:firebase-auth:21.2.0] AndroidManifest.xml:26:5-79
29-->[com.google.firebase:firebase-auth:21.2.0] AndroidManifest.xml:26:22-76
30    <uses-permission android:name="android.permission.WAKE_LOCK" /> <!-- Required by older versions of Google Play services to create IID tokens -->
30-->[com.google.firebase:firebase-messaging:23.1.2] AndroidManifest.xml:26:5-68
30-->[com.google.firebase:firebase-messaging:23.1.2] AndroidManifest.xml:26:22-65
31    <uses-permission android:name="com.google.android.c2dm.permission.RECEIVE" />
31-->[com.google.firebase:firebase-messaging:23.1.2] AndroidManifest.xml:28:5-82
31-->[com.google.firebase:firebase-messaging:23.1.2] AndroidManifest.xml:28:22-79
32    <uses-permission android:name="com.google.android.gms.permission.AD_ID" />
32-->[com.google.android.gms:play-services-measurement-api:21.2.1] AndroidManifest.xml:25:5-79
32-->[com.google.android.gms:play-services-measurement-api:21.2.1] AndroidManifest.xml:25:22-76
33    <uses-permission android:name="android.permission.RECEIVE_BOOT_COMPLETED" />
33-->[androidx.work:work-runtime:2.7.1] AndroidManifest.xml:27:5-81
33-->[androidx.work:work-runtime:2.7.1] AndroidManifest.xml:27:22-78
34    <uses-permission android:name="android.permission.FOREGROUND_SERVICE" />
34-->[androidx.work:work-runtime:2.7.1] AndroidManifest.xml:28:5-77
34-->[androidx.work:work-runtime:2.7.1] AndroidManifest.xml:28:22-74
35    <uses-permission android:name="com.google.android.finsky.permission.BIND_GET_INSTALL_REFERRER_SERVICE" />
35-->[com.google.android.gms:play-services-measurement:21.2.1] AndroidManifest.xml:26:5-110
35-->[com.google.android.gms:play-services-measurement:21.2.1] AndroidManifest.xml:26:22-107
36
37    <permission
37-->[androidx.core:core:1.12.0-alpha05] AndroidManifest.xml:22:5-24:47
38        android:name="com.android.chatmeup.DYNAMIC_RECEIVER_NOT_EXPORTED_PERMISSION"
38-->[androidx.core:core:1.12.0-alpha05] AndroidManifest.xml:23:9-81
39        android:protectionLevel="signature" />
39-->[androidx.core:core:1.12.0-alpha05] AndroidManifest.xml:24:9-44
40
41    <uses-permission android:name="com.android.chatmeup.DYNAMIC_RECEIVER_NOT_EXPORTED_PERMISSION" />
41-->[androidx.core:core:1.12.0-alpha05] AndroidManifest.xml:26:5-97
41-->[androidx.core:core:1.12.0-alpha05] AndroidManifest.xml:26:22-94
42
43    <application
43-->src/main/AndroidManifest.xml:26:5-76:19
44        android:name="com.android.chatmeup.CmuApplication"
44-->src/main/AndroidManifest.xml:28:9-39
45        android:allowBackup="true"
45-->src/main/AndroidManifest.xml:27:9-35
46        android:appComponentFactory="androidx.core.app.CoreComponentFactory"
46-->[androidx.core:core:1.12.0-alpha05] AndroidManifest.xml:28:18-86
47        android:dataExtractionRules="@xml/data_extraction_rules"
47-->src/main/AndroidManifest.xml:29:9-65
48        android:debuggable="true"
49        android:extractNativeLibs="false"
50        android:fullBackupContent="@xml/backup_rules"
50-->src/main/AndroidManifest.xml:30:9-54
51        android:icon="@mipmap/ic_launcher"
51-->src/main/AndroidManifest.xml:32:9-43
52        android:label="@string/app_name"
52-->src/main/AndroidManifest.xml:33:9-41
53        android:requestLegacyExternalStorage="true"
53-->src/main/AndroidManifest.xml:31:9-52
54        android:supportsRtl="true"
54-->src/main/AndroidManifest.xml:34:9-35
55        android:testOnly="true"
56        android:theme="@style/Theme.App.Starting" >
56-->src/main/AndroidManifest.xml:35:9-50
57        <activity
57-->src/main/AndroidManifest.xml:37:9-47:20
58            android:name="com.android.chatmeup.MainActivity"
58-->src/main/AndroidManifest.xml:38:13-41
59            android:exported="true"
59-->src/main/AndroidManifest.xml:39:13-36
60            android:label="@string/app_name"
60-->src/main/AndroidManifest.xml:40:13-45
61            android:theme="@style/Theme.App.Starting"
61-->src/main/AndroidManifest.xml:42:13-54
62            android:windowSoftInputMode="adjustResize" >
62-->src/main/AndroidManifest.xml:41:13-55
63            <intent-filter>
63-->src/main/AndroidManifest.xml:43:13-46:29
64                <action android:name="android.intent.action.MAIN" />
64-->src/main/AndroidManifest.xml:44:17-69
64-->src/main/AndroidManifest.xml:44:25-66
65
66                <category android:name="android.intent.category.LAUNCHER" />
66-->src/main/AndroidManifest.xml:45:17-77
66-->src/main/AndroidManifest.xml:45:27-74
67            </intent-filter>
68        </activity>
69
70        <service
70-->src/main/AndroidManifest.xml:48:9-58:19
71            android:name="com.android.chatmeup.CmuFirebaseInstanceIDService"
71-->src/main/AndroidManifest.xml:49:13-57
72            android:enabled="true"
72-->src/main/AndroidManifest.xml:50:13-35
73            android:exported="false"
73-->src/main/AndroidManifest.xml:52:13-37
74            android:permission="com.google.android.c2dm.permission.SEND" >
74-->src/main/AndroidManifest.xml:51:13-73
75            <intent-filter>
75-->src/main/AndroidManifest.xml:53:13-57:29
76                <action android:name="com.google.firebase.MESSAGING_EVENT" />
76-->src/main/AndroidManifest.xml:54:17-78
76-->src/main/AndroidManifest.xml:54:25-75
77                <action android:name="com.google.android.c2dm.intent.RECEIVE" />
77-->src/main/AndroidManifest.xml:55:17-81
77-->src/main/AndroidManifest.xml:55:25-78
78                <action android:name="com.google.firebase.INSTANCE_ID_EVENT" />
78-->src/main/AndroidManifest.xml:56:17-79
78-->src/main/AndroidManifest.xml:56:25-77
79            </intent-filter>
80        </service>
81
82        <provider
83            android:name="androidx.core.content.FileProvider"
83-->src/main/AndroidManifest.xml:60:13-62
84            android:authorities="com.android.chatmeup.provider"
84-->src/main/AndroidManifest.xml:61:13-60
85            android:exported="false"
85-->src/main/AndroidManifest.xml:62:13-37
86            android:grantUriPermissions="true" >
86-->src/main/AndroidManifest.xml:63:13-47
87            <meta-data
87-->src/main/AndroidManifest.xml:64:13-66:58
88                android:name="android.support.FILE_PROVIDER_PATHS"
88-->src/main/AndroidManifest.xml:65:17-67
89                android:resource="@xml/provider_paths" />
89-->src/main/AndroidManifest.xml:66:17-55
90        </provider>
91
92        <meta-data
92-->src/main/AndroidManifest.xml:69:9-71:67
93            android:name="com.google.firebase.messaging.default_notification_icon"
93-->src/main/AndroidManifest.xml:70:13-83
94            android:resource="@drawable/ic_launcher_foreground" />
94-->src/main/AndroidManifest.xml:71:13-64
95        <meta-data
95-->src/main/AndroidManifest.xml:72:9-74:53
96            android:name="com.google.firebase.messaging.default_notification_color"
96-->src/main/AndroidManifest.xml:73:13-84
97            android:resource="@color/colorAccent" />
97-->src/main/AndroidManifest.xml:74:13-50
98
99        <activity
99-->[androidx.compose.ui:ui-tooling:1.4.2] AndroidManifest.xml:23:9-25:39
100            android:name="androidx.compose.ui.tooling.PreviewActivity"
100-->[androidx.compose.ui:ui-tooling:1.4.2] AndroidManifest.xml:24:13-71
101            android:exported="true" />
101-->[androidx.compose.ui:ui-tooling:1.4.2] AndroidManifest.xml:25:13-36
102
103        <service
103-->[com.google.firebase:firebase-auth-ktx:21.2.0] AndroidManifest.xml:8:9-14:19
104            android:name="com.google.firebase.components.ComponentDiscoveryService"
104-->[com.google.firebase:firebase-auth-ktx:21.2.0] AndroidManifest.xml:9:13-84
105            android:directBootAware="true"
105-->[com.google.firebase:firebase-common:20.3.2] AndroidManifest.xml:34:13-43
106            android:exported="false" >
106-->[com.google.firebase:firebase-auth-ktx:21.2.0] AndroidManifest.xml:10:13-37
107            <meta-data
107-->[com.google.firebase:firebase-auth-ktx:21.2.0] AndroidManifest.xml:11:13-13:85
108                android:name="com.google.firebase.components:com.google.firebase.auth.ktx.FirebaseAuthKtxRegistrar"
108-->[com.google.firebase:firebase-auth-ktx:21.2.0] AndroidManifest.xml:12:17-116
109                android:value="com.google.firebase.components.ComponentRegistrar" />
109-->[com.google.firebase:firebase-auth-ktx:21.2.0] AndroidManifest.xml:13:17-82
110            <meta-data
110-->[com.google.firebase:firebase-auth:21.2.0] AndroidManifest.xml:69:13-71:85
111                android:name="com.google.firebase.components:com.google.firebase.auth.FirebaseAuthRegistrar"
111-->[com.google.firebase:firebase-auth:21.2.0] AndroidManifest.xml:70:17-109
112                android:value="com.google.firebase.components.ComponentRegistrar" />
112-->[com.google.firebase:firebase-auth:21.2.0] AndroidManifest.xml:71:17-82
113            <meta-data
113-->[com.google.firebase:firebase-messaging-ktx:23.1.2] AndroidManifest.xml:28:13-30:85
114                android:name="com.google.firebase.components:com.google.firebase.messaging.ktx.FirebaseMessagingKtxRegistrar"
114-->[com.google.firebase:firebase-messaging-ktx:23.1.2] AndroidManifest.xml:29:17-126
115                android:value="com.google.firebase.components.ComponentRegistrar" />
115-->[com.google.firebase:firebase-messaging-ktx:23.1.2] AndroidManifest.xml:30:17-82
116            <meta-data
116-->[com.google.firebase:firebase-storage-ktx:20.1.0] AndroidManifest.xml:14:13-16:85
117                android:name="com.google.firebase.components:com.google.firebase.storage.ktx.FirebaseStorageKtxRegistrar"
117-->[com.google.firebase:firebase-storage-ktx:20.1.0] AndroidManifest.xml:15:17-122
118                android:value="com.google.firebase.components.ComponentRegistrar" />
118-->[com.google.firebase:firebase-storage-ktx:20.1.0] AndroidManifest.xml:16:17-82
119            <meta-data
119-->[com.google.firebase:firebase-crashlytics-ktx:18.3.6] AndroidManifest.xml:26:13-28:85
120                android:name="com.google.firebase.components:com.google.firebase.crashlytics.ktx.FirebaseCrashlyticsKtxRegistrar"
120-->[com.google.firebase:firebase-crashlytics-ktx:18.3.6] AndroidManifest.xml:27:17-130
121                android:value="com.google.firebase.components.ComponentRegistrar" />
121-->[com.google.firebase:firebase-crashlytics-ktx:18.3.6] AndroidManifest.xml:28:17-82
122            <meta-data
122-->[com.google.firebase:firebase-analytics-ktx:21.2.1] AndroidManifest.xml:11:13-13:85
123                android:name="com.google.firebase.components:com.google.firebase.analytics.ktx.FirebaseAnalyticsKtxRegistrar"
123-->[com.google.firebase:firebase-analytics-ktx:21.2.1] AndroidManifest.xml:12:17-126
124                android:value="com.google.firebase.components.ComponentRegistrar" />
124-->[com.google.firebase:firebase-analytics-ktx:21.2.1] AndroidManifest.xml:13:17-82
125            <meta-data
125-->[com.google.firebase:firebase-database-ktx:20.1.0] AndroidManifest.xml:14:13-16:85
126                android:name="com.google.firebase.components:com.google.firebase.database.ktx.FirebaseDatabaseKtxRegistrar"
126-->[com.google.firebase:firebase-database-ktx:20.1.0] AndroidManifest.xml:15:17-124
127                android:value="com.google.firebase.components.ComponentRegistrar" />
127-->[com.google.firebase:firebase-database-ktx:20.1.0] AndroidManifest.xml:16:17-82
128            <meta-data
128-->[com.google.firebase:firebase-common-ktx:20.3.2] AndroidManifest.xml:14:13-16:85
129                android:name="com.google.firebase.components:com.google.firebase.ktx.FirebaseCommonKtxRegistrar"
129-->[com.google.firebase:firebase-common-ktx:20.3.2] AndroidManifest.xml:15:17-113
130                android:value="com.google.firebase.components.ComponentRegistrar" />
130-->[com.google.firebase:firebase-common-ktx:20.3.2] AndroidManifest.xml:16:17-82
131            <meta-data
131-->[com.google.firebase:firebase-storage:20.1.0] AndroidManifest.xml:32:13-34:85
132                android:name="com.google.firebase.components:com.google.firebase.storage.StorageRegistrar"
132-->[com.google.firebase:firebase-storage:20.1.0] AndroidManifest.xml:33:17-107
133                android:value="com.google.firebase.components.ComponentRegistrar" />
133-->[com.google.firebase:firebase-storage:20.1.0] AndroidManifest.xml:34:17-82
134            <meta-data
134-->[com.google.firebase:firebase-crashlytics:18.3.6] AndroidManifest.xml:17:13-19:85
135                android:name="com.google.firebase.components:com.google.firebase.crashlytics.CrashlyticsRegistrar"
135-->[com.google.firebase:firebase-crashlytics:18.3.6] AndroidManifest.xml:18:17-115
136                android:value="com.google.firebase.components.ComponentRegistrar" />
136-->[com.google.firebase:firebase-crashlytics:18.3.6] AndroidManifest.xml:19:17-82
137            <meta-data
137-->[com.google.firebase:firebase-database:20.1.0] AndroidManifest.xml:31:13-33:85
138                android:name="com.google.firebase.components:com.google.firebase.database.DatabaseRegistrar"
138-->[com.google.firebase:firebase-database:20.1.0] AndroidManifest.xml:32:17-109
139                android:value="com.google.firebase.components.ComponentRegistrar" />
139-->[com.google.firebase:firebase-database:20.1.0] AndroidManifest.xml:33:17-82
140            <meta-data
140-->[com.google.firebase:firebase-messaging:23.1.2] AndroidManifest.xml:55:13-57:85
141                android:name="com.google.firebase.components:com.google.firebase.messaging.FirebaseMessagingRegistrar"
141-->[com.google.firebase:firebase-messaging:23.1.2] AndroidManifest.xml:56:17-119
142                android:value="com.google.firebase.components.ComponentRegistrar" />
142-->[com.google.firebase:firebase-messaging:23.1.2] AndroidManifest.xml:57:17-82
143            <meta-data
143-->[com.google.android.gms:play-services-measurement-api:21.2.1] AndroidManifest.xml:31:13-33:85
144                android:name="com.google.firebase.components:com.google.firebase.analytics.connector.internal.AnalyticsConnectorRegistrar"
144-->[com.google.android.gms:play-services-measurement-api:21.2.1] AndroidManifest.xml:32:17-139
145                android:value="com.google.firebase.components.ComponentRegistrar" />
145-->[com.google.android.gms:play-services-measurement-api:21.2.1] AndroidManifest.xml:33:17-82
146            <meta-data
146-->[com.google.firebase:firebase-installations:17.1.3] AndroidManifest.xml:17:13-19:85
147                android:name="com.google.firebase.components:com.google.firebase.installations.FirebaseInstallationsRegistrar"
147-->[com.google.firebase:firebase-installations:17.1.3] AndroidManifest.xml:18:17-127
148                android:value="com.google.firebase.components.ComponentRegistrar" />
148-->[com.google.firebase:firebase-installations:17.1.3] AndroidManifest.xml:19:17-82
149            <meta-data
149-->[com.google.firebase:firebase-datatransport:18.1.7] AndroidManifest.xml:27:13-29:85
150                android:name="com.google.firebase.components:com.google.firebase.datatransport.TransportRegistrar"
150-->[com.google.firebase:firebase-datatransport:18.1.7] AndroidManifest.xml:28:17-115
151                android:value="com.google.firebase.components.ComponentRegistrar" />
151-->[com.google.firebase:firebase-datatransport:18.1.7] AndroidManifest.xml:29:17-82
152        </service>
153
154        <activity
154-->[com.google.firebase:firebase-auth:21.2.0] AndroidManifest.xml:29:9-46:20
155            android:name="com.google.firebase.auth.internal.GenericIdpActivity"
155-->[com.google.firebase:firebase-auth:21.2.0] AndroidManifest.xml:30:13-80
156            android:excludeFromRecents="true"
156-->[com.google.firebase:firebase-auth:21.2.0] AndroidManifest.xml:31:13-46
157            android:exported="true"
157-->[com.google.firebase:firebase-auth:21.2.0] AndroidManifest.xml:32:13-36
158            android:launchMode="singleTask"
158-->[com.google.firebase:firebase-auth:21.2.0] AndroidManifest.xml:33:13-44
159            android:theme="@android:style/Theme.Translucent.NoTitleBar" >
159-->[com.google.firebase:firebase-auth:21.2.0] AndroidManifest.xml:34:13-72
160            <intent-filter>
160-->[com.google.firebase:firebase-auth:21.2.0] AndroidManifest.xml:35:13-45:29
161                <action android:name="android.intent.action.VIEW" />
161-->[com.google.firebase:firebase-auth:21.2.0] AndroidManifest.xml:36:17-69
161-->[com.google.firebase:firebase-auth:21.2.0] AndroidManifest.xml:36:25-66
162
163                <category android:name="android.intent.category.DEFAULT" />
163-->[com.google.firebase:firebase-auth:21.2.0] AndroidManifest.xml:38:17-76
163-->[com.google.firebase:firebase-auth:21.2.0] AndroidManifest.xml:38:27-73
164                <category android:name="android.intent.category.BROWSABLE" />
164-->[com.google.firebase:firebase-auth:21.2.0] AndroidManifest.xml:39:17-78
164-->[com.google.firebase:firebase-auth:21.2.0] AndroidManifest.xml:39:27-75
165
166                <data
166-->[com.google.firebase:firebase-auth:21.2.0] AndroidManifest.xml:41:17-44:51
167                    android:host="firebase.auth"
167-->[com.google.firebase:firebase-auth:21.2.0] AndroidManifest.xml:42:21-49
168                    android:path="/"
168-->[com.google.firebase:firebase-auth:21.2.0] AndroidManifest.xml:43:21-37
169                    android:scheme="genericidp" />
169-->[com.google.firebase:firebase-auth:21.2.0] AndroidManifest.xml:44:21-48
170            </intent-filter>
171        </activity>
172        <activity
172-->[com.google.firebase:firebase-auth:21.2.0] AndroidManifest.xml:47:9-64:20
173            android:name="com.google.firebase.auth.internal.RecaptchaActivity"
173-->[com.google.firebase:firebase-auth:21.2.0] AndroidManifest.xml:48:13-79
174            android:excludeFromRecents="true"
174-->[com.google.firebase:firebase-auth:21.2.0] AndroidManifest.xml:49:13-46
175            android:exported="true"
175-->[com.google.firebase:firebase-auth:21.2.0] AndroidManifest.xml:50:13-36
176            android:launchMode="singleTask"
176-->[com.google.firebase:firebase-auth:21.2.0] AndroidManifest.xml:51:13-44
177            android:theme="@android:style/Theme.Translucent.NoTitleBar" >
177-->[com.google.firebase:firebase-auth:21.2.0] AndroidManifest.xml:52:13-72
178            <intent-filter>
178-->[com.google.firebase:firebase-auth:21.2.0] AndroidManifest.xml:53:13-63:29
179                <action android:name="android.intent.action.VIEW" />
179-->[com.google.firebase:firebase-auth:21.2.0] AndroidManifest.xml:36:17-69
179-->[com.google.firebase:firebase-auth:21.2.0] AndroidManifest.xml:36:25-66
180
181                <category android:name="android.intent.category.DEFAULT" />
181-->[com.google.firebase:firebase-auth:21.2.0] AndroidManifest.xml:38:17-76
181-->[com.google.firebase:firebase-auth:21.2.0] AndroidManifest.xml:38:27-73
182                <category android:name="android.intent.category.BROWSABLE" />
182-->[com.google.firebase:firebase-auth:21.2.0] AndroidManifest.xml:39:17-78
182-->[com.google.firebase:firebase-auth:21.2.0] AndroidManifest.xml:39:27-75
183
184                <data
184-->[com.google.firebase:firebase-auth:21.2.0] AndroidManifest.xml:41:17-44:51
185                    android:host="firebase.auth"
185-->[com.google.firebase:firebase-auth:21.2.0] AndroidManifest.xml:42:21-49
186                    android:path="/"
186-->[com.google.firebase:firebase-auth:21.2.0] AndroidManifest.xml:43:21-37
187                    android:scheme="recaptcha" />
187-->[com.google.firebase:firebase-auth:21.2.0] AndroidManifest.xml:44:21-48
188            </intent-filter>
189        </activity>
190
191        <receiver
191-->[com.google.firebase:firebase-messaging:23.1.2] AndroidManifest.xml:31:9-38:20
192            android:name="com.google.firebase.iid.FirebaseInstanceIdReceiver"
192-->[com.google.firebase:firebase-messaging:23.1.2] AndroidManifest.xml:32:13-78
193            android:exported="true"
193-->[com.google.firebase:firebase-messaging:23.1.2] AndroidManifest.xml:33:13-36
194            android:permission="com.google.android.c2dm.permission.SEND" >
194-->[com.google.firebase:firebase-messaging:23.1.2] AndroidManifest.xml:34:13-73
195            <intent-filter>
195-->[com.google.firebase:firebase-messaging:23.1.2] AndroidManifest.xml:35:13-37:29
196                <action android:name="com.google.android.c2dm.intent.RECEIVE" />
196-->src/main/AndroidManifest.xml:55:17-81
196-->src/main/AndroidManifest.xml:55:25-78
197            </intent-filter>
198        </receiver>
199        <!--
200             FirebaseMessagingService performs security checks at runtime,
201             but set to not exported to explicitly avoid allowing another app to call it.
202        -->
203        <service
203-->[com.google.firebase:firebase-messaging:23.1.2] AndroidManifest.xml:44:9-51:19
204            android:name="com.google.firebase.messaging.FirebaseMessagingService"
204-->[com.google.firebase:firebase-messaging:23.1.2] AndroidManifest.xml:45:13-82
205            android:directBootAware="true"
205-->[com.google.firebase:firebase-messaging:23.1.2] AndroidManifest.xml:46:13-43
206            android:exported="false" >
206-->[com.google.firebase:firebase-messaging:23.1.2] AndroidManifest.xml:47:13-37
207            <intent-filter android:priority="-500" >
207-->[com.google.firebase:firebase-messaging:23.1.2] AndroidManifest.xml:48:13-50:29
207-->[com.google.firebase:firebase-messaging:23.1.2] AndroidManifest.xml:48:28-51
208                <action android:name="com.google.firebase.MESSAGING_EVENT" />
208-->src/main/AndroidManifest.xml:54:17-78
208-->src/main/AndroidManifest.xml:54:25-75
209            </intent-filter>
210        </service>
211
212        <provider
212-->[com.google.firebase:firebase-common:20.3.2] AndroidManifest.xml:25:9-30:39
213            android:name="com.google.firebase.provider.FirebaseInitProvider"
213-->[com.google.firebase:firebase-common:20.3.2] AndroidManifest.xml:26:13-77
214            android:authorities="com.android.chatmeup.firebaseinitprovider"
214-->[com.google.firebase:firebase-common:20.3.2] AndroidManifest.xml:27:13-72
215            android:directBootAware="true"
215-->[com.google.firebase:firebase-common:20.3.2] AndroidManifest.xml:28:13-43
216            android:exported="false"
216-->[com.google.firebase:firebase-common:20.3.2] AndroidManifest.xml:29:13-37
217            android:initOrder="100" />
217-->[com.google.firebase:firebase-common:20.3.2] AndroidManifest.xml:30:13-36
218        <provider
218-->[androidx.work:work-runtime:2.7.1] AndroidManifest.xml:31:9-39:20
219            android:name="androidx.startup.InitializationProvider"
219-->[androidx.work:work-runtime:2.7.1] AndroidManifest.xml:32:13-67
220            android:authorities="com.android.chatmeup.androidx-startup"
220-->[androidx.work:work-runtime:2.7.1] AndroidManifest.xml:33:13-68
221            android:exported="false" >
221-->[androidx.work:work-runtime:2.7.1] AndroidManifest.xml:34:13-37
222            <meta-data
222-->[androidx.work:work-runtime:2.7.1] AndroidManifest.xml:36:13-38:52
223                android:name="androidx.work.WorkManagerInitializer"
223-->[androidx.work:work-runtime:2.7.1] AndroidManifest.xml:37:17-68
224                android:value="androidx.startup" />
224-->[androidx.work:work-runtime:2.7.1] AndroidManifest.xml:38:17-49
225            <meta-data
225-->[androidx.emoji2:emoji2:1.3.0] AndroidManifest.xml:29:13-31:52
226                android:name="androidx.emoji2.text.EmojiCompatInitializer"
226-->[androidx.emoji2:emoji2:1.3.0] AndroidManifest.xml:30:17-75
227                android:value="androidx.startup" />
227-->[androidx.emoji2:emoji2:1.3.0] AndroidManifest.xml:31:17-49
228            <meta-data
228-->[androidx.lifecycle:lifecycle-process:2.6.1] AndroidManifest.xml:29:13-31:52
229                android:name="androidx.lifecycle.ProcessLifecycleInitializer"
229-->[androidx.lifecycle:lifecycle-process:2.6.1] AndroidManifest.xml:30:17-78
230                android:value="androidx.startup" />
230-->[androidx.lifecycle:lifecycle-process:2.6.1] AndroidManifest.xml:31:17-49
231            <meta-data
231-->[androidx.profileinstaller:profileinstaller:1.3.0] AndroidManifest.xml:29:13-31:52
232                android:name="androidx.profileinstaller.ProfileInstallerInitializer"
232-->[androidx.profileinstaller:profileinstaller:1.3.0] AndroidManifest.xml:30:17-85
233                android:value="androidx.startup" />
233-->[androidx.profileinstaller:profileinstaller:1.3.0] AndroidManifest.xml:31:17-49
234        </provider>
235
236        <service
236-->[androidx.work:work-runtime:2.7.1] AndroidManifest.xml:41:9-46:35
237            android:name="androidx.work.impl.background.systemalarm.SystemAlarmService"
237-->[androidx.work:work-runtime:2.7.1] AndroidManifest.xml:42:13-88
238            android:directBootAware="false"
238-->[androidx.work:work-runtime:2.7.1] AndroidManifest.xml:43:13-44
239            android:enabled="@bool/enable_system_alarm_service_default"
239-->[androidx.work:work-runtime:2.7.1] AndroidManifest.xml:44:13-72
240            android:exported="false" />
240-->[androidx.work:work-runtime:2.7.1] AndroidManifest.xml:45:13-37
241        <service
241-->[androidx.work:work-runtime:2.7.1] AndroidManifest.xml:47:9-53:35
242            android:name="androidx.work.impl.background.systemjob.SystemJobService"
242-->[androidx.work:work-runtime:2.7.1] AndroidManifest.xml:48:13-84
243            android:directBootAware="false"
243-->[androidx.work:work-runtime:2.7.1] AndroidManifest.xml:49:13-44
244            android:enabled="@bool/enable_system_job_service_default"
244-->[androidx.work:work-runtime:2.7.1] AndroidManifest.xml:50:13-70
245            android:exported="true"
245-->[androidx.work:work-runtime:2.7.1] AndroidManifest.xml:51:13-36
246            android:permission="android.permission.BIND_JOB_SERVICE" />
246-->[androidx.work:work-runtime:2.7.1] AndroidManifest.xml:52:13-69
247        <service
247-->[androidx.work:work-runtime:2.7.1] AndroidManifest.xml:54:9-59:35
248            android:name="androidx.work.impl.foreground.SystemForegroundService"
248-->[androidx.work:work-runtime:2.7.1] AndroidManifest.xml:55:13-81
249            android:directBootAware="false"
249-->[androidx.work:work-runtime:2.7.1] AndroidManifest.xml:56:13-44
250            android:enabled="@bool/enable_system_foreground_service_default"
250-->[androidx.work:work-runtime:2.7.1] AndroidManifest.xml:57:13-77
251            android:exported="false" />
251-->[androidx.work:work-runtime:2.7.1] AndroidManifest.xml:58:13-37
252
253        <receiver
253-->[androidx.work:work-runtime:2.7.1] AndroidManifest.xml:61:9-66:35
254            android:name="androidx.work.impl.utils.ForceStopRunnable$BroadcastReceiver"
254-->[androidx.work:work-runtime:2.7.1] AndroidManifest.xml:62:13-88
255            android:directBootAware="false"
255-->[androidx.work:work-runtime:2.7.1] AndroidManifest.xml:63:13-44
256            android:enabled="true"
256-->[androidx.work:work-runtime:2.7.1] AndroidManifest.xml:64:13-35
257            android:exported="false" />
257-->[androidx.work:work-runtime:2.7.1] AndroidManifest.xml:65:13-37
258        <receiver
258-->[androidx.work:work-runtime:2.7.1] AndroidManifest.xml:67:9-77:20
259            android:name="androidx.work.impl.background.systemalarm.ConstraintProxy$BatteryChargingProxy"
259-->[androidx.work:work-runtime:2.7.1] AndroidManifest.xml:68:13-106
260            android:directBootAware="false"
260-->[androidx.work:work-runtime:2.7.1] AndroidManifest.xml:69:13-44
261            android:enabled="false"
261-->[androidx.work:work-runtime:2.7.1] AndroidManifest.xml:70:13-36
262            android:exported="false" >
262-->[androidx.work:work-runtime:2.7.1] AndroidManifest.xml:71:13-37